This is XeTeX, Version 3.14159265-2.6-0.99999 (TeX Live 2018) (preloaded format=xelatex 2019.3.28)  17 FEB 2020 19:33
entering extended mode
 \write18 enabled.
 file:line:error style messages enabled.
 %&-line parsing enabled.
**mcmthesis-demo.tex
(./mcmthesis-demo.tex
LaTeX2e <2018-12-01>
(./mcmthesis.cls
Document Class: mcmthesis 2017/01/01 v6.3 The Thesis Template Designed For MCM/ICM
The Thesis Template Designed For MCM/ICM
(/usr/local/texlive/2018/texmf-dist/tex/latex/xkeyval/xkeyval.sty
Package: xkeyval 2014/12/03 v2.7a package option processing (HA)
 (/usr/local/texlive/2018/texmf-dist/tex/generic/xkeyval/xkeyval.tex (/usr/local/texlive/2018/texmf-dist/tex/generic/xkeyval/xkvutils.tex
\XKV@toks=\toks14
\XKV@tempa@toks=\toks15
 (/usr/local/texlive/2018/texmf-dist/tex/generic/xkeyval/keyval.tex))
\XKV@depth=\count80
File: xkeyval.tex 2014/12/03 v2.7a key=value parser (HA)
)) (/usr/local/texlive/2018/texmf-dist/tex/latex/etoolbox/etoolbox.sty
Package: etoolbox 2018/08/19 v2.5f e-TeX tools for LaTeX (JAW)
\etb@tempcnta=\count81
) (/usr/local/texlive/2018/texmf-dist/tex/latex/base/article.cls
Document Class: article 2018/09/03 v1.4i Standard LaTeX document class
(/usr/local/texlive/2018/texmf-dist/tex/latex/base/size12.clo
File: size12.clo 2018/09/03 v1.4i Standard LaTeX file (size option)
)
\c@part=\count82
\c@section=\count83
\c@subsection=\count84
\c@subsubsection=\count85
\c@paragraph=\count86
\c@subparagraph=\count87
\c@figure=\count88
\c@table=\count89
\abovecaptionskip=\skip41
\belowcaptionskip=\skip42
\bibindent=\dimen102
) (/usr/local/texlive/2018/texmf-dist/tex/latex/fancyhdr/fancyhdr.sty
Package: fancyhdr 2019/01/31 v3.10 Extensive control of page headers and footers
\f@nch@headwidth=\skip43
\f@nch@O@elh=\skip44
\f@nch@O@erh=\skip45
\f@nch@O@olh=\skip46
\f@nch@O@orh=\skip47
\f@nch@O@elf=\skip48
\f@nch@O@erf=\skip49
\f@nch@O@olf=\skip50
\f@nch@O@orf=\skip51
) (/usr/local/texlive/2018/texmf-dist/tex/latex/fancybox/fancybox.sty
Package: fancybox 2010/05/15 1.4

Style option: `fancybox' v1.4 <2010/05/15> (tvz)
\@fancybox=\box27
\shadowsize=\dimen103
\@Sbox=\box28
\do@VerbBox=\toks16
\the@fancyput=\toks17
\this@fancyput=\toks18
\EndVerbatimTokens=\toks19
\Verbatim@Outfile=\write3
\Verbatim@Infile=\read1
) (/usr/local/texlive/2018/texmf-dist/tex/latex/base/ifthen.sty
Package: ifthen 2014/09/29 v1.1c Standard LaTeX ifthen package (DPC)
) (/usr/local/texlive/2018/texmf-dist/tex/latex/lastpage/lastpage.sty
Package: lastpage 2015/03/29 v1.2m Refers to last page's name (HMM; JPG)
) (/usr/local/texlive/2018/texmf-dist/tex/latex/listings/listings.sty
\lst@mode=\count90
\lst@gtempboxa=\box29
\lst@token=\toks20
\lst@length=\count91
\lst@currlwidth=\dimen104
\lst@column=\count92
\lst@pos=\count93
\lst@lostspace=\dimen105
\lst@width=\dimen106
\lst@newlines=\count94
\lst@lineno=\count95
\lst@maxwidth=\dimen107
 (/usr/local/texlive/2018/texmf-dist/tex/latex/listings/lstmisc.sty
File: lstmisc.sty 2018/09/02 1.7 (Carsten Heinz)
\c@lstnumber=\count96
\lst@skipnumbers=\count97
\lst@framebox=\box30
) (/usr/local/texlive/2018/texmf-dist/tex/latex/listings/listings.cfg
File: listings.cfg 2018/09/02 1.7 listings configuration
))
Package: listings 2018/09/02 1.7 (Carsten Heinz)
 (/usr/local/texlive/2018/texmf-dist/tex/latex/appendix/appendix.sty
Package: appendix 2009/09/02 v1.2b extra appendix facilities
\c@@pps=\count98
\c@@ppsavesec=\count99
\c@@ppsaveapp=\count100
) (/usr/local/texlive/2018/texmf-dist/tex/latex/paralist/paralist.sty
Package: paralist 2017/01/22 v2.7 Extended list environments
\pltopsep=\skip52
\plpartopsep=\skip53
\plitemsep=\skip54
\plparsep=\skip55
\pl@lab=\toks21
) (/usr/local/texlive/2018/texmf-dist/tex/latex/amscls/amsthm.sty
Package: amsthm 2017/10/31 v2.20.4
\thm@style=\toks22
\thm@bodyfont=\toks23
\thm@headfont=\toks24
\thm@notefont=\toks25
\thm@headpunct=\toks26
\thm@preskip=\skip56
\thm@postskip=\skip57
\thm@headsep=\skip58
\dth@everypar=\toks27
) (/usr/local/texlive/2018/texmf-dist/tex/latex/amsfonts/amsfonts.sty
Package: amsfonts 2013/01/14 v3.01 Basic AMSFonts support
\@emptytoks=\toks28
\symAMSa=\mathgroup4
\symAMSb=\mathgroup5
LaTeX Font Info:    Overwriting math alphabet `\mathfrak' in version `bold'
(Font)                  U/euf/m/n --> U/euf/b/n on input line 106.
) (/usr/local/texlive/2018/texmf-dist/tex/latex/amsmath/amsmath.sty
Package: amsmath 2018/12/01 v2.17b AMS math features
\@mathmargin=\skip59

For additional information on amsmath, use the `?' option.
(/usr/local/texlive/2018/texmf-dist/tex/latex/amsmath/amstext.sty
Package: amstext 2000/06/29 v2.01 AMS text
 (/usr/local/texlive/2018/texmf-dist/tex/latex/amsmath/amsgen.sty
File: amsgen.sty 1999/11/30 v2.0 generic functions
\@emptytoks=\toks29
\ex@=\dimen108
)) (/usr/local/texlive/2018/texmf-dist/tex/latex/amsmath/amsbsy.sty
Package: amsbsy 1999/11/29 v1.2d Bold Symbols
\pmbraise@=\dimen109
) (/usr/local/texlive/2018/texmf-dist/tex/latex/amsmath/amsopn.sty
Package: amsopn 2016/03/08 v2.02 operator names
)
\inf@bad=\count101
LaTeX Info: Redefining \frac on input line 223.
\uproot@=\count102
\leftroot@=\count103
LaTeX Info: Redefining \overline on input line 385.
\classnum@=\count104
\DOTSCASE@=\count105
LaTeX Info: Redefining \ldots on input line 482.
LaTeX Info: Redefining \dots on input line 485.
LaTeX Info: Redefining \cdots on input line 606.
\Mathstrutbox@=\box31
\strutbox@=\box32
\big@size=\dimen110
LaTeX Font Info:    Redeclaring font encoding OML on input line 729.
LaTeX Font Info:    Redeclaring font encoding OMS on input line 730.
\macc@depth=\count106
\c@MaxMatrixCols=\count107
\dotsspace@=\muskip10
\c@parentequation=\count108
\dspbrk@lvl=\count109
\tag@help=\toks30
\row@=\count110
\column@=\count111
\maxfields@=\count112
\andhelp@=\toks31
\eqnshift@=\dimen111
\alignsep@=\dimen112
\tagshift@=\dimen113
\tagwidth@=\dimen114
\totwidth@=\dimen115
\lineht@=\dimen116
\@envbody=\toks32
\multlinegap=\skip60
\multlinetaggap=\skip61
\mathdisplay@stack=\toks33
LaTeX Info: Redefining \[ on input line 2844.
LaTeX Info: Redefining \] on input line 2845.
) (/usr/local/texlive/2018/texmf-dist/tex/latex/tools/bm.sty
Package: bm 2017/01/16 v1.2c Bold Symbol Support (DPC/FMi)
\symboldoperators=\mathgroup6
\symboldletters=\mathgroup7
\symboldsymbols=\mathgroup8
LaTeX Font Info:    Redeclaring math alphabet \mathbf on input line 141.
LaTeX Info: Redefining \bm on input line 207.
) (/usr/local/texlive/2018/texmf-dist/tex/latex/amsfonts/amssymb.sty
Package: amssymb 2013/01/14 v3.01 AMS font symbols
) (/usr/local/texlive/2018/texmf-dist/tex/latex/base/latexsym.sty
Package: latexsym 1998/08/17 v2.2e Standard LaTeX package (lasy symbols)
\symlasy=\mathgroup9
LaTeX Font Info:    Overwriting symbol font `lasy' in version `bold'
(Font)                  U/lasy/m/n --> U/lasy/b/n on input line 52.
) (/usr/local/texlive/2018/texmf-dist/tex/latex/tools/longtable.sty
Package: longtable 2014/10/28 v4.11 Multi-page Table package (DPC)+ FMi change
\LTleft=\skip62
\LTright=\skip63
\LTpre=\skip64
\LTpost=\skip65
\LTchunksize=\count113
\LTcapwidth=\dimen117
\LT@head=\box33
\LT@firsthead=\box34
\LT@foot=\box35
\LT@lastfoot=\box36
\LT@cols=\count114
\LT@rows=\count115
\c@LT@tables=\count116
\c@LT@chunks=\count117
\LT@p@ftn=\toks34
) (/usr/local/texlive/2018/texmf-dist/tex/latex/multirow/multirow.sty
Package: multirow 2019/01/01 v2.4 Span multiple rows of a table
\multirow@colwidth=\skip66
\multirow@cntb=\count118
\multirow@dima=\skip67
\bigstrutjot=\dimen118
) (/usr/local/texlive/2018/texmf-dist/tex/latex/tools/hhline.sty
Package: hhline 2014/10/28 v2.03 Table rule package (DPC)
) (/usr/local/texlive/2018/texmf-dist/tex/latex/tools/tabularx.sty
Package: tabularx 2016/02/03 v2.11b `tabularx' package (DPC)
 (/usr/local/texlive/2018/texmf-dist/tex/latex/tools/array.sty
Package: array 2018/12/30 v2.4k Tabular extension package (FMi)
\col@sep=\dimen119
\ar@mcellbox=\box37
\extrarowheight=\dimen120
\NC@list=\toks35
\extratabsurround=\skip68
\backup@length=\skip69
\ar@cellbox=\box38
)
\TX@col@width=\dimen121
\TX@old@table=\dimen122
\TX@old@col=\dimen123
\TX@target=\dimen124
\TX@delta=\dimen125
\TX@cols=\count119
\TX@ftn=\toks36
) (/usr/local/texlive/2018/texmf-dist/tex/latex/base/flafter.sty
Package: flafter 2018/11/28 v1.4d Standard LaTeX floats after reference (FMi)
Applying: [2015/01/01] float order in 2-column on input line 49.
Already applied: [0000/00/00] float order in 2-column on input line 151.
) (/usr/local/texlive/2018/texmf-dist/tex/latex/psnfss/pifont.sty
Package: pifont 2005/04/12 PSNFSS-v9.2a Pi font support (SPQR) 
LaTeX Font Info:    Try loading font information for U+pzd on input line 63.
 (/usr/local/texlive/2018/texmf-dist/tex/latex/psnfss/upzd.fd
File: upzd.fd 2001/06/04 font definitions for U/pzd.
)
LaTeX Font Info:    Try loading font information for U+psy on input line 64.
 (/usr/local/texlive/2018/texmf-dist/tex/latex/psnfss/upsy.fd
File: upsy.fd 2001/06/04 font definitions for U/psy.
)) (/usr/local/texlive/2018/texmf-dist/tex/latex/tools/calc.sty
Package: calc 2017/05/25 v4.3 Infix arithmetic (KKT,FJ)
\calc@Acount=\count120
\calc@Bcount=\count121
\calc@Adimen=\dimen126
\calc@Bdimen=\dimen127
\calc@Askip=\skip70
\calc@Bskip=\skip71
LaTeX Info: Redefining \setlength on input line 80.
LaTeX Info: Redefining \addtolength on input line 81.
\calc@Ccount=\count122
\calc@Cskip=\skip72
) (/usr/local/texlive/2018/texmf-dist/tex/latex/colortbl/colortbl.sty
Package: colortbl 2018/12/12 v1.0d Color table columns (DPC)
 (/usr/local/texlive/2018/texmf-dist/tex/latex/graphics/color.sty
Package: color 2016/07/10 v1.1e Standard LaTeX Color (DPC)
 (/usr/local/texlive/2018/texmf-dist/tex/latex/graphics-cfg/color.cfg
File: color.cfg 2016/01/02 v1.6 sample color configuration
)
Package color Info: Driver file: xetex.def on input line 147.
 (/usr/local/texlive/2018/texmf-dist/tex/latex/graphics-def/xetex.def
File: xetex.def 2017/06/24 v5.0h Graphics/color driver for xetex
))
\everycr=\toks37
\minrowclearance=\skip73
) (/usr/local/texlive/2018/texmf-dist/tex/latex/booktabs/booktabs.sty
Package: booktabs 2016/04/27 v1.618033 publication quality tables
\heavyrulewidth=\dimen128
\lightrulewidth=\dimen129
\cmidrulewidth=\dimen130
\belowrulesep=\dimen131
\belowbottomsep=\dimen132
\aboverulesep=\dimen133
\abovetopsep=\dimen134
\cmidrulesep=\dimen135
\cmidrulekern=\dimen136
\defaultaddspace=\dimen137
\@cmidla=\count123
\@cmidlb=\count124
\@aboverulesep=\dimen138
\@belowrulesep=\dimen139
\@thisruleclass=\count125
\@lastruleclass=\count126
\@thisrulewidth=\dimen140
) (/usr/local/texlive/2018/texmf-dist/tex/latex/geometry/geometry.sty
Package: geometry 2018/04/16 v5.8 Page Geometry
 (/usr/local/texlive/2018/texmf-dist/tex/generic/oberdiek/ifpdf.sty
Package: ifpdf 2018/09/07 v3.3 Provides the ifpdf switch
) (/usr/local/texlive/2018/texmf-dist/tex/generic/oberdiek/ifvtex.sty
Package: ifvtex 2016/05/16 v1.6 Detect VTeX and its facilities (HO)
Package ifvtex Info: VTeX not detected.
) (/usr/local/texlive/2018/texmf-dist/tex/generic/ifxetex/ifxetex.sty
Package: ifxetex 2010/09/12 v0.6 Provides ifxetex conditional
)
\Gm@cnth=\count127
\Gm@cntv=\count128
\c@Gm@tempcnt=\count129
\Gm@bindingoffset=\dimen141
\Gm@wd@mp=\dimen142
\Gm@odd@mp=\dimen143
\Gm@even@mp=\dimen144
\Gm@layoutwidth=\dimen145
\Gm@layoutheight=\dimen146
\Gm@layouthoffset=\dimen147
\Gm@layoutvoffset=\dimen148
\Gm@dimlist=\toks38
) (/usr/local/texlive/2018/texmf-dist/tex/latex/base/fontenc.sty
Package: fontenc 2018/08/11 v2.0j Standard LaTeX package
 (/usr/local/texlive/2018/texmf-dist/tex/latex/base/t1enc.def
File: t1enc.def 2018/08/11 v2.0j Standard LaTeX file
LaTeX Font Info:    Redeclaring font encoding T1 on input line 48.
)
LaTeX Font Info:    Try loading font information for T1+lmr on input line 105.
 (/usr/local/texlive/2018/texmf-dist/tex/latex/lm/t1lmr.fd
File: t1lmr.fd 2009/10/30 v1.6 Font defs for Latin Modern
)) (/usr/local/texlive/2018/texmf-dist/tex/latex/bera/berasans.sty
Package: berasans 2004/01/30 (WaS)
) (/usr/local/texlive/2018/texmf-dist/tex/latex/hyperref/hyperref.sty
Package: hyperref 2018/11/30 v6.88e Hypertext links for LaTeX

(/usr/local/texlive/2018/texmf-dist/tex/generic/oberdiek/hobsub-hyperref.sty
Package: hobsub-hyperref 2016/05/16 v1.14 Bundle oberdiek, subset hyperref (HO)
 (/usr/local/texlive/2018/texmf-dist/tex/generic/oberdiek/hobsub-generic.sty
Package: hobsub-generic 2016/05/16 v1.14 Bundle oberdiek, subset generic (HO)
Package: hobsub 2016/05/16 v1.14 Construct package bundles (HO)
Package: infwarerr 2016/05/16 v1.4 Providing info/warning/error messages (HO)
Package: ltxcmds 2016/05/16 v1.23 LaTeX kernel commands for general use (HO)
Package: ifluatex 2016/05/16 v1.4 Provides the ifluatex switch (HO)
Package ifluatex Info: LuaTeX not detected.
Package hobsub Info: Skipping package `ifvtex' (already loaded).
Package: intcalc 2016/05/16 v1.2 Expandable calculations with integers (HO)
Package hobsub Info: Skipping package `ifpdf' (already loaded).
Package: etexcmds 2016/05/16 v1.6 Avoid name clashes with e-TeX commands (HO)
Package etexcmds Info: Could not find \expanded.
(etexcmds)             That can mean that you are not using pdfTeX 1.50 or
(etexcmds)             that some package has redefined \expanded.
(etexcmds)             In the latter case, load this package earlier.
Package: kvsetkeys 2016/05/16 v1.17 Key value parser (HO)
Package: kvdefinekeys 2016/05/16 v1.4 Define keys (HO)
Package: pdftexcmds 2018/09/10 v0.29 Utility functions of pdfTeX for LuaTeX (HO)
Package pdftexcmds Info: LuaTeX not detected.
Package pdftexcmds Info: pdfTeX >= 1.30 not detected.
Package pdftexcmds Info: \pdf@primitive is available.
Package pdftexcmds Info: \pdf@ifprimitive is available.
Package pdftexcmds Info: \pdfdraftmode not found.
Package: pdfescape 2016/05/16 v1.14 Implements pdfTeX's escape features (HO)
Package: bigintcalc 2016/05/16 v1.4 Expandable calculations on big integers (HO)
Package: bitset 2016/05/16 v1.2 Handle bit-vector datatype (HO)
Package: uniquecounter 2016/05/16 v1.3 Provide unlimited unique counter (HO)
)
Package hobsub Info: Skipping package `hobsub' (already loaded).
Package: letltxmacro 2016/05/16 v1.5 Let assignment for LaTeX macros (HO)
Package: hopatch 2016/05/16 v1.3 Wrapper for package hooks (HO)
Package: xcolor-patch 2016/05/16 xcolor patch
Package: atveryend 2016/05/16 v1.9 Hooks at the very end of document (HO)
Package: atbegshi 2016/06/09 v1.18 At begin shipout hook (HO)
Package: refcount 2016/05/16 v3.5 Data extraction from label references (HO)
Package: hycolor 2016/05/16 v1.8 Color options for hyperref/bookmark (HO)
) (/usr/local/texlive/2018/texmf-dist/tex/latex/oberdiek/auxhook.sty
Package: auxhook 2016/05/16 v1.4 Hooks for auxiliary files (HO)
) (/usr/local/texlive/2018/texmf-dist/tex/latex/oberdiek/kvoptions.sty
Package: kvoptions 2016/05/16 v3.12 Key value format for package options (HO)
)
\@linkdim=\dimen149
\Hy@linkcounter=\count130
\Hy@pagecounter=\count131
 (/usr/local/texlive/2018/texmf-dist/tex/latex/hyperref/pd1enc.def
File: pd1enc.def 2018/11/30 v6.88e Hyperref: PDFDocEncoding definition (HO)
)
\Hy@SavedSpaceFactor=\count132
 (/usr/local/texlive/2018/texmf-dist/tex/latex/latexconfig/hyperref.cfg
File: hyperref.cfg 2002/06/06 v1.2 hyperref configuration of TeXLive
)
Package hyperref Info: Hyper figures OFF on input line 4519.
Package hyperref Info: Link nesting OFF on input line 4524.
Package hyperref Info: Hyper index ON on input line 4527.
Package hyperref Info: Plain pages OFF on input line 4534.
Package hyperref Info: Backreferencing OFF on input line 4539.
Package hyperref Info: Implicit mode ON; LaTeX internals redefined.
Package hyperref Info: Bookmarks ON on input line 4772.
\c@Hy@tempcnt=\count133
 (/usr/local/texlive/2018/texmf-dist/tex/latex/url/url.sty
\Urlmuskip=\muskip11
Package: url 2013/09/16  ver 3.4  Verb mode for urls, etc.
)
LaTeX Info: Redefining \url on input line 5125.
\XeTeXLinkMargin=\dimen150
\Fld@menulength=\count134
\Field@Width=\dimen151
\Fld@charsize=\dimen152
Package hyperref Info: Hyper figures OFF on input line 6380.
Package hyperref Info: Link nesting OFF on input line 6385.
Package hyperref Info: Hyper index ON on input line 6388.
Package hyperref Info: backreferencing OFF on input line 6395.
Package hyperref Info: Link coloring OFF on input line 6400.
Package hyperref Info: Link coloring with OCG OFF on input line 6405.
Package hyperref Info: PDF/A mode OFF on input line 6410.
LaTeX Info: Redefining \ref on input line 6450.
LaTeX Info: Redefining \pageref on input line 6454.
\Hy@abspage=\count135
\c@Item=\count136
\c@Hfootnote=\count137
)
Package hyperref Info: Driver (autodetected): hxetex.
 (/usr/local/texlive/2018/texmf-dist/tex/latex/hyperref/hxetex.def
File: hxetex.def 2018/11/30 v6.88e Hyperref driver for XeTeX
 (/usr/local/texlive/2018/texmf-dist/tex/latex/hyperref/puenc.def
File: puenc.def 2018/11/30 v6.88e Hyperref: PDF Unicode definition (HO)
) (/usr/local/texlive/2018/texmf-dist/tex/generic/oberdiek/stringenc.sty
Package: stringenc 2016/05/16 v1.11 Convert strings between diff. encodings (HO)
)
\pdfm@box=\box39
\c@Hy@AnnotLevel=\count138
\HyField@AnnotCount=\count139
\Fld@listcount=\count140
\c@bookmark@seq@number=\count141
 (/usr/local/texlive/2018/texmf-dist/tex/latex/oberdiek/rerunfilecheck.sty
Package: rerunfilecheck 2016/05/16 v1.8 Rerun checks for auxiliary files (HO)
Package uniquecounter Info: New unique counter `rerunfilecheck' on input line 282.
)
\Hy@SectionHShift=\skip74
) (/usr/local/texlive/2018/texmf-dist/tex/latex/environ/environ.sty
Package: environ 2014/05/04 v0.3 A new way to define environments
 (/usr/local/texlive/2018/texmf-dist/tex/latex/trimspaces/trimspaces.sty
Package: trimspaces 2009/09/17 v1.1 Trim spaces around a token list
)) (/usr/local/texlive/2018/texmf-dist/tex/latex/graphics/graphicx.sty
Package: graphicx 2017/06/01 v1.1a Enhanced LaTeX Graphics (DPC,SPQR)
 (/usr/local/texlive/2018/texmf-dist/tex/latex/graphics/graphics.sty
Package: graphics 2017/06/25 v1.2c Standard LaTeX Graphics (DPC,SPQR)
 (/usr/local/texlive/2018/texmf-dist/tex/latex/graphics/trig.sty
Package: trig 2016/01/03 v1.10 sin cos tan (DPC)
) (/usr/local/texlive/2018/texmf-dist/tex/latex/graphics-cfg/graphics.cfg
File: graphics.cfg 2016/06/04 v1.11 sample graphics configuration
)
Package graphics Info: Driver file: xetex.def on input line 99.
)
\Gin@req@height=\dimen153
\Gin@req@width=\dimen154
) (/usr/local/texlive/2018/texmf-dist/tex/latex/xcolor/xcolor.sty
Package: xcolor 2016/05/11 v2.12 LaTeX color extensions (UK)
 (/usr/local/texlive/2018/texmf-dist/tex/latex/graphics-cfg/color.cfg
File: color.cfg 2016/01/02 v1.6 sample color configuration
)
Package xcolor Info: Driver file: xetex.def on input line 225.
LaTeX Info: Redefining \color on input line 709.
Package xcolor Info: Model `cmy' substituted by `cmy0' on input line 1348.
Package xcolor Info: Model `RGB' extended on input line 1364.
Package xcolor Info: Model `HTML' substituted by `rgb' on input line 1366.
Package xcolor Info: Model `Hsb' substituted by `hsb' on input line 1367.
Package xcolor Info: Model `tHsb' substituted by `hsb' on input line 1368.
Package xcolor Info: Model `HSB' substituted by `hsb' on input line 1369.
Package xcolor Info: Model `Gray' substituted by `gray' on input line 1370.
Package xcolor Info: Model `wave' substituted by `hsb' on input line 1371.
)
Package hyperref Info: Option `bookmarksopen' set `true' on input line 109.
Package hyperref Info: Option `colorlinks' set `true' on input line 109.
\@abstract=\box40
\c@Theorem=\count142
 (/usr/local/texlive/2018/texmf-dist/tex/latex/listings/lstlang1.sty
File: lstlang1.sty 2018/09/02 1.7 listings language file
) (/usr/local/texlive/2018/texmf-dist/tex/latex/listings/lstmisc.sty
File: lstmisc.sty 2018/09/02 1.7 (Carsten Heinz)
)) (/usr/local/texlive/2018/texmf-dist/tex/latex/psnfss/palatino.sty
Package: palatino 2005/04/12 PSNFSS-v9.2a (SPQR) 
) (/usr/local/texlive/2018/texmf-dist/tex/latex/lipsum/lipsum.sty (/usr/local/texlive/2018/texmf-dist/tex/latex/l3kernel/expl3.sty
Package: expl3 2019-02-15 L3 programming layer (loader) 
 (/usr/local/texlive/2018/texmf-dist/tex/latex/l3kernel/expl3-code.tex
Package: expl3 2019-02-15 L3 programming layer (code)
\c_max_int=\count143
\l_tmpa_int=\count144
\l_tmpb_int=\count145
\g_tmpa_int=\count146
\g_tmpb_int=\count147
\g__kernel_prg_map_int=\count148
\c_log_iow=\count149
\l_iow_line_count_int=\count150
\l__iow_line_target_int=\count151
\l__iow_one_indent_int=\count152
\l__iow_indent_int=\count153
\c_zero_dim=\dimen155
\c_max_dim=\dimen156
\l_tmpa_dim=\dimen157
\l_tmpb_dim=\dimen158
\g_tmpa_dim=\dimen159
\g_tmpb_dim=\dimen160
\c_zero_skip=\skip75
\c_max_skip=\skip76
\l_tmpa_skip=\skip77
\l_tmpb_skip=\skip78
\g_tmpa_skip=\skip79
\g_tmpb_skip=\skip80
\c_zero_muskip=\muskip12
\c_max_muskip=\muskip13
\l_tmpa_muskip=\muskip14
\l_tmpb_muskip=\muskip15
\g_tmpa_muskip=\muskip16
\g_tmpb_muskip=\muskip17
\l_keys_choice_int=\count154
\l__intarray_loop_int=\count155
\c__intarray_sp_dim=\dimen161
\g__intarray_font_int=\count156
\c__fp_leading_shift_int=\count157
\c__fp_middle_shift_int=\count158
\c__fp_trailing_shift_int=\count159
\c__fp_big_leading_shift_int=\count160
\c__fp_big_middle_shift_int=\count161
\c__fp_big_trailing_shift_int=\count162
\c__fp_Bigg_leading_shift_int=\count163
\c__fp_Bigg_middle_shift_int=\count164
\c__fp_Bigg_trailing_shift_int=\count165
\g__fp_array_int=\count166
\l__fp_array_loop_int=\count167
\l__sort_length_int=\count168
\l__sort_min_int=\count169
\l__sort_top_int=\count170
\l__sort_max_int=\count171
\l__sort_true_max_int=\count172
\l__sort_block_int=\count173
\l__sort_begin_int=\count174
\l__sort_end_int=\count175
\l__sort_A_int=\count176
\l__sort_B_int=\count177
\l__sort_C_int=\count178
\l__tl_analysis_normal_int=\count179
\l__tl_analysis_index_int=\count180
\l__tl_analysis_nesting_int=\count181
\l__tl_analysis_type_int=\count182
\l__regex_internal_a_int=\count183
\l__regex_internal_b_int=\count184
\l__regex_internal_c_int=\count185
\l__regex_balance_int=\count186
\l__regex_group_level_int=\count187
\l__regex_mode_int=\count188
\c__regex_cs_in_class_mode_int=\count189
\c__regex_cs_mode_int=\count190
\l__regex_catcodes_int=\count191
\l__regex_default_catcodes_int=\count192
\c__regex_catcode_L_int=\count193
\c__regex_catcode_O_int=\count194
\c__regex_catcode_A_int=\count195
\c__regex_all_catcodes_int=\count196
\l__regex_show_lines_int=\count197
\l__regex_min_state_int=\count198
\l__regex_max_state_int=\count199
\l__regex_left_state_int=\count266
\l__regex_right_state_int=\count267
\l__regex_capturing_group_int=\count268
\l__regex_min_pos_int=\count269
\l__regex_max_pos_int=\count270
\l__regex_curr_pos_int=\count271
\l__regex_start_pos_int=\count272
\l__regex_success_pos_int=\count273
\l__regex_curr_char_int=\count274
\l__regex_curr_catcode_int=\count275
\l__regex_last_char_int=\count276
\l__regex_case_changed_char_int=\count277
\l__regex_curr_state_int=\count278
\l__regex_step_int=\count279
\l__regex_min_active_int=\count280
\l__regex_max_active_int=\count281
\l__regex_replacement_csnames_int=\count282
\l__regex_match_count_int=\count283
\l__regex_min_submatch_int=\count284
\l__regex_submatch_int=\count285
\l__regex_zeroth_submatch_int=\count286
\g__regex_trace_regex_int=\count287
\c_empty_box=\box41
\l_tmpa_box=\box42
\l_tmpb_box=\box43
\g_tmpa_box=\box44
\g_tmpb_box=\box45
\l__box_top_dim=\dimen162
\l__box_bottom_dim=\dimen163
\l__box_left_dim=\dimen164
\l__box_right_dim=\dimen165
\l__box_top_new_dim=\dimen166
\l__box_bottom_new_dim=\dimen167
\l__box_left_new_dim=\dimen168
\l__box_right_new_dim=\dimen169
\l__box_internal_box=\box46
\l__coffin_internal_box=\box47
\l__coffin_internal_dim=\dimen170
\l__coffin_offset_x_dim=\dimen171
\l__coffin_offset_y_dim=\dimen172
\l__coffin_x_dim=\dimen173
\l__coffin_y_dim=\dimen174
\l__coffin_x_prime_dim=\dimen175
\l__coffin_y_prime_dim=\dimen176
\c_empty_coffin=\box48
\l__coffin_aligned_coffin=\box49
\l__coffin_aligned_internal_coffin=\box50
\l_tmpa_coffin=\box51
\l_tmpb_coffin=\box52
\g_tmpa_coffin=\box53
\g_tmpb_coffin=\box54
\c__coffin_empty_coffin=\box55
\l__coffin_display_coffin=\box56
\l__coffin_display_coord_coffin=\box57
\l__coffin_display_pole_coffin=\box58
\l__coffin_display_offset_dim=\dimen177
\l__coffin_display_x_dim=\dimen178
\l__coffin_display_y_dim=\dimen179
\g__file_internal_ior=\read2
\l__coffin_bounding_shift_dim=\dimen180
\l__coffin_left_corner_dim=\dimen181
\l__coffin_right_corner_dim=\dimen182
\l__coffin_bottom_corner_dim=\dimen183
\l__coffin_top_corner_dim=\dimen184
\l__coffin_scaled_total_height_dim=\dimen185
\l__coffin_scaled_width_dim=\dimen186
) (/usr/local/texlive/2018/texmf-dist/tex/latex/l3kernel/l3xdvipdfmx.def
File: l3xdvipdfmx.def 2019-02-15 v L3 Experimental driver: xdvipdfmx
\g__driver_image_int=\count288
\g__driver_pdf_object_int=\count289
)) (/usr/local/texlive/2018/texmf-dist/tex/latex/l3packages/xparse/xparse.sty
Package: xparse 2018-10-17 L3 Experimental document command parser
\l__xparse_current_arg_int=\count290
\g__xparse_grabber_int=\count291
\l__xparse_m_args_int=\count292
\l__xparse_mandatory_args_int=\count293
\l__xparse_v_nesting_int=\count294
)
Package: lipsum 2019/01/02 v2.2 150 paragraphs of Lorem Ipsum dummy text
 (/usr/local/texlive/2018/texmf-dist/tex/latex/lipsum/lipsum.ltd.tex
File: lipsum.ltd.tex 2019/01/02 v2.2 The Lorem ipsum dummy text
)) (/usr/local/texlive/2018/texmf-dist/tex/latex/float/float.sty
Package: float 2001/11/08 v1.3d Float enhancements (AL)
\c@float@type=\count295
\float@exts=\toks39
\float@box=\box59
\@float@everytoks=\toks40
\@floatcapt=\box60
)
(/usr/local/texlive/2018/texmf-dist/tex/latex/tools/verbatim.sty
Package: verbatim 2014/10/28 v1.5q LaTeX2e package for verbatim enhancements
\every@verbatim=\toks41
\verbatim@line=\toks42
\verbatim@in@stream=\read3
) (/usr/local/texlive/2018/texmf-dist/tex/latex/cite/cite.sty
LaTeX Info: Redefining \cite on input line 302.
LaTeX Info: Redefining \nocite on input line 332.
Package: cite 2015/02/27  v 5.5
) (/usr/local/texlive/2018/texmf-dist/tex/xelatex/xecjk/xeCJK.sty
Package: xeCJK 2018/04/30 v3.7.1 Typesetting CJK scripts with XeLaTeX
 (/usr/local/texlive/2018/texmf-dist/tex/latex/l3packages/xtemplate/xtemplate.sty
Package: xtemplate 2018-10-17 L3 Experimental prototype document functions
\l__xtemplate_tmp_dim=\dimen187
\l__xtemplate_tmp_int=\count296
\l__xtemplate_tmp_muskip=\muskip18
\l__xtemplate_tmp_skip=\skip81
) (/usr/local/texlive/2018/texmf-dist/tex/latex/l3packages/l3keys2e/l3keys2e.sty
Package: l3keys2e 2018-10-17 LaTeX2e option processing using LaTeX3 keys
)
\l__xeCJK_tmp_int=\count297
\l__xeCJK_tmp_box=\box61
\l__xeCJK_tmp_dim=\dimen188
\l__xeCJK_tmp_skip=\skip82
\g__xeCJK_space_factor_int=\count298
\l__xeCJK_begin_int=\count299
\l__xeCJK_end_int=\count300
\c__xeCJK_CJK_class_int=\XeTeXcharclass1
\c__xeCJK_FullLeft_class_int=\XeTeXcharclass2
\c__xeCJK_FullRight_class_int=\XeTeXcharclass3
\c__xeCJK_HalfLeft_class_int=\XeTeXcharclass4
\c__xeCJK_HalfRight_class_int=\XeTeXcharclass5
\c__xeCJK_NormalSpace_class_int=\XeTeXcharclass6
\c__xeCJK_CM_class_int=\XeTeXcharclass7
\c__xeCJK_HangulJamo_class_int=\XeTeXcharclass8
\l__xeCJK_last_skip=\skip83
\g__xeCJK_node_int=\count301
\c__xeCJK_CJK_node_dim=\dimen189
\c__xeCJK_CJK-space_node_dim=\dimen190
\c__xeCJK_default_node_dim=\dimen191
\c__xeCJK_default-space_node_dim=\dimen192
\c__xeCJK_CJK-widow_node_dim=\dimen193
\c__xeCJK_normalspace_node_dim=\dimen194
\l__xeCJK_ccglue_skip=\skip84
\l__xeCJK_ecglue_skip=\skip85
\l__xeCJK_punct_kern_skip=\skip86
\l__xeCJK_last_penalty_int=\count302
\l__xeCJK_last_bound_dim=\dimen195
\l__xeCJK_last_kern_dim=\dimen196
\l__xeCJK_widow_penalty_int=\count303

Package xtemplate Info: Declaring object type 'xeCJK/punctuation' taking 0
(xtemplate)             argument(s) on line 2362.

\l__xeCJK_fixed_punct_width_dim=\dimen197
\l__xeCJK_mixed_punct_width_dim=\dimen198
\l__xeCJK_middle_punct_width_dim=\dimen199
\l__xeCJK_fixed_margin_width_dim=\dimen256
\l__xeCJK_mixed_margin_width_dim=\dimen257
\l__xeCJK_middle_margin_width_dim=\dimen258
\l__xeCJK_bound_punct_width_dim=\dimen259
\l__xeCJK_bound_margin_width_dim=\dimen260
\l__xeCJK_margin_minimum_dim=\dimen261
\l__xeCJK_kerning_total_width_dim=\dimen262
\l__xeCJK_same_align_margin_dim=\dimen263
\l__xeCJK_different_align_margin_dim=\dimen264
\l__xeCJK_kerning_margin_width_dim=\dimen265
\l__xeCJK_kerning_margin_minimum_dim=\dimen266
\l__xeCJK_bound_dim=\dimen267
\l__xeCJK_reverse_bound_dim=\dimen268
\l__xeCJK_minimum_bound_dim=\dimen269
\l__xeCJK_kerning_margin_dim=\dimen270
\l__xeCJK_original_margin_dim=\dimen271
\g__xeCJK_family_int=\count304
\l__xeCJK_fam_int=\count305
\g__xeCJK_fam_allocation_int=\count306
\l__xeCJK_verb_case_int=\count307
\l__xeCJK_verb_exspace_skip=\skip87
 (/usr/local/texlive/2018/texmf-dist/tex/latex/fontspec/fontspec.sty
Package: fontspec 2019/02/12 v2.7b Font selection for XeLaTeX and LuaLaTeX
 (/usr/local/texlive/2018/texmf-dist/tex/latex/fontspec/fontspec-xetex.sty
Package: fontspec-xetex 2019/02/12 v2.7b Font selection for XeLaTeX and LuaLaTeX
\l__fontspec_script_int=\count308
\l__fontspec_language_int=\count309
\l__fontspec_strnum_int=\count310
\l__fontspec_tmp_int=\count311
\l__fontspec_tmpa_int=\count312
\l__fontspec_tmpb_int=\count313
\l__fontspec_tmpc_int=\count314
\l__fontspec_em_int=\count315
\l__fontspec_emdef_int=\count316
\l__fontspec_strong_int=\count317
\l__fontspec_strongdef_int=\count318
\l__fontspec_tmpa_dim=\dimen272
\l__fontspec_tmpb_dim=\dimen273
\l__fontspec_tmpc_dim=\dimen274
 (/usr/local/texlive/2018/texmf-dist/tex/latex/base/fontenc.sty
Package: fontenc 2018/08/11 v2.0j Standard LaTeX package
 (/usr/local/texlive/2018/texmf-dist/tex/latex/base/tuenc.def
File: tuenc.def 2018/08/11 v2.0j Standard LaTeX file
LaTeX Font Info:    Redeclaring font encoding TU on input line 82.
)) (/usr/local/texlive/2018/texmf-dist/tex/latex/fontspec/fontspec.cfg)
LaTeX Info: Redefining \itshape on input line 4044.
LaTeX Info: Redefining \slshape on input line 4049.
LaTeX Info: Redefining \scshape on input line 4054.
LaTeX Info: Redefining \upshape on input line 4059.
LaTeX Info: Redefining \em on input line 4089.
LaTeX Info: Redefining \emph on input line 4114.
)) (/usr/local/texlive/2018/texmf-dist/tex/xelatex/xecjk/xeCJK.cfg
File: xeCJK.cfg 2018/04/30 v3.7.1 Configuration file for xeCJK package
))

Package xeCJK Warning: Fandol is being set as the default font for CJK text.
(xeCJK)                Please make sure it has been properly installed.


Package fontspec Warning: Font "FandolSong-Regular" does not contain requested
(fontspec)                Script "CJK".


Package fontspec Info: Font family 'FandolSong-Regular(0)' created for font
(fontspec)             'FandolSong-Regular' with options
(fontspec)             [Script={CJK},Extension={.otf},BoldFont={FandolSong-Bold},ItalicFont={FandolKai-Regular}].
(fontspec)              
(fontspec)              This font family consists of the following NFSS
(fontspec)             series/shapes:
(fontspec)              
(fontspec)             - 'normal' (m/n) with NFSS spec.:
(fontspec)             <->"[FandolSong-Regular.otf]/OT"
(fontspec)             - 'small caps'  (m/sc) with NFSS spec.: 
(fontspec)             - 'bold' (bx/n) with NFSS spec.:
(fontspec)             <->"[FandolSong-Bold.otf]/OT"
(fontspec)             - 'bold small caps'  (bx/sc) with NFSS spec.: 
(fontspec)             - 'italic' (m/it) with NFSS spec.:
(fontspec)             <->"[FandolKai-Regular.otf]/OT"
(fontspec)             - 'italic small caps'  (m/itsc) with NFSS spec.: 

(/usr/local/texlive/2018/texmf-dist/tex/xelatex/xecjk/xeCJK-listings.sty
Package: xeCJK-listings 2018/04/30 v3.7.1 xeCJK patch file for listings
\l__xeCJK_listings_max_char_int=\count319
\l__xeCJK_listings_flag_int=\count320
) (/Users/Trent/Desktop/mcmthesis-V6/.texpadtmp/mcmthesis-demo.aux)
\openout1 = `mcmthesis-demo.aux'.

LaTeX Font Info:    Checking defaults for OML/cmm/m/it on input line 72.
LaTeX Font Info:    ... okay on input line 72.
LaTeX Font Info:    Checking defaults for T1/cmr/m/n on input line 72.
LaTeX Font Info:    ... okay on input line 72.
LaTeX Font Info:    Checking defaults for OT1/cmr/m/n on input line 72.
LaTeX Font Info:    ... okay on input line 72.
LaTeX Font Info:    Checking defaults for OMS/cmsy/m/n on input line 72.
LaTeX Font Info:    ... okay on input line 72.
LaTeX Font Info:    Checking defaults for TU/lmr/m/n on input line 72.
LaTeX Font Info:    ... okay on input line 72.
LaTeX Font Info:    Checking defaults for OMX/cmex/m/n on input line 72.
LaTeX Font Info:    ... okay on input line 72.
LaTeX Font Info:    Checking defaults for U/cmr/m/n on input line 72.
LaTeX Font Info:    ... okay on input line 72.
LaTeX Font Info:    Checking defaults for PD1/pdf/m/n on input line 72.
LaTeX Font Info:    ... okay on input line 72.
LaTeX Font Info:    Checking defaults for PU/pdf/m/n on input line 72.
LaTeX Font Info:    ... okay on input line 72.
Package lastpage Info: Please have a look at the pageslts package at
(lastpage)             https://www.ctan.org/pkg/pageslts
(lastpage)             ! on input line 72.
\c@lstlisting=\count321

*geometry* driver: auto-detecting
*geometry* detected driver: xetex
*geometry* verbose mode - [ preamble ] result:
* driver: xetex
* paper: a4paper
* layout: <same size as paper>
* layoutoffset:(h,v)=(0.0pt,0.0pt)
* modes: 
* h-part:(L,W,R)=(57.81621pt, 481.87546pt, 57.81621pt)
* v-part:(T,H,B)=(57.81621pt, 729.41443pt, 57.81621pt)
* \paperwidth=597.50787pt
* \paperheight=845.04684pt
* \textwidth=481.87546pt
* \textheight=729.41443pt
* \oddsidemargin=-14.45378pt
* \evensidemargin=-14.45378pt
* \topmargin=-51.45378pt
* \headheight=12.0pt
* \headsep=25.0pt
* \topskip=12.0pt
* \footskip=30.0pt
* \marginparwidth=35.0pt
* \marginparsep=10.0pt
* \columnsep=10.0pt
* \skip\footins=10.8pt plus 4.0pt minus 2.0pt
* \hoffset=0.0pt
* \voffset=0.0pt
* \mag=1000
* \@twocolumnfalse
* \@twosidefalse
* \@mparswitchfalse
* \@reversemarginfalse
* (1in=72.27pt=25.4mm, 1cm=28.453pt)

\AtBeginShipoutBox=\box62
Package hyperref Info: Link coloring ON on input line 72.
(/usr/local/texlive/2018/texmf-dist/tex/latex/hyperref/nameref.sty
Package: nameref 2016/05/21 v2.44 Cross-referencing by name of section
 (/usr/local/texlive/2018/texmf-dist/tex/generic/oberdiek/gettitlestring.sty
Package: gettitlestring 2016/05/16 v1.5 Cleanup title references (HO)
)
\c@section@level=\count322
)
LaTeX Info: Redefining \ref on input line 72.
LaTeX Info: Redefining \pageref on input line 72.
LaTeX Info: Redefining \nameref on input line 72.
 (/Users/Trent/Desktop/mcmthesis-V6/.texpadtmp/mcmthesis-demo.out) (/Users/Trent/Desktop/mcmthesis-V6/.texpadtmp/mcmthesis-demo.out)
\@outlinefile=\write4
\openout4 = `mcmthesis-demo.out'.


Package fontspec Info: Adjusting the maths setup (use [no-math] to avoid
(fontspec)             this).

\symlegacymaths=\mathgroup10
LaTeX Font Info:    Overwriting symbol font `legacymaths' in version `bold'
(Font)                  OT1/cmr/m/n --> OT1/cmr/bx/n on input line 72.
LaTeX Font Info:    Redeclaring math accent \acute on input line 72.
LaTeX Font Info:    Redeclaring math accent \grave on input line 72.
LaTeX Font Info:    Redeclaring math accent \ddot on input line 72.
LaTeX Font Info:    Redeclaring math accent \tilde on input line 72.
LaTeX Font Info:    Redeclaring math accent \bar on input line 72.
LaTeX Font Info:    Redeclaring math accent \breve on input line 72.
LaTeX Font Info:    Redeclaring math accent \check on input line 72.
LaTeX Font Info:    Redeclaring math accent \hat on input line 72.
LaTeX Font Info:    Redeclaring math accent \dot on input line 72.
LaTeX Font Info:    Redeclaring math accent \mathring on input line 72.
LaTeX Font Info:    Redeclaring math symbol \Gamma on input line 72.
LaTeX Font Info:    Redeclaring math symbol \Delta on input line 72.
LaTeX Font Info:    Redeclaring math symbol \Theta on input line 72.
LaTeX Font Info:    Redeclaring math symbol \Lambda on input line 72.
LaTeX Font Info:    Redeclaring math symbol \Xi on input line 72.
LaTeX Font Info:    Redeclaring math symbol \Pi on input line 72.
LaTeX Font Info:    Redeclaring math symbol \Sigma on input line 72.
LaTeX Font Info:    Redeclaring math symbol \Upsilon on input line 72.
LaTeX Font Info:    Redeclaring math symbol \Phi on input line 72.
LaTeX Font Info:    Redeclaring math symbol \Psi on input line 72.
LaTeX Font Info:    Redeclaring math symbol \Omega on input line 72.
LaTeX Font Info:    Redeclaring math symbol \mathdollar on input line 72.
LaTeX Font Info:    Redeclaring symbol font `operators' on input line 72.
LaTeX Font Info:    Encoding `OT1' has changed to `TU' for symbol font
(Font)              `operators' in the math version `normal' on input line 72.
LaTeX Font Info:    Overwriting symbol font `operators' in version `normal'
(Font)                  OT1/cmr/m/n --> TU/lmr/m/n on input line 72.
LaTeX Font Info:    Encoding `OT1' has changed to `TU' for symbol font
(Font)              `operators' in the math version `bold' on input line 72.
LaTeX Font Info:    Overwriting symbol font `operators' in version `bold'
(Font)                  OT1/cmr/bx/n --> TU/lmr/m/n on input line 72.
LaTeX Font Info:    Overwriting symbol font `operators' in version `normal'
(Font)                  TU/lmr/m/n --> TU/lmr/m/n on input line 72.
LaTeX Font Info:    Overwriting math alphabet `\mathit' in version `normal'
(Font)                  OT1/cmr/m/it --> TU/lmr/m/it on input line 72.
LaTeX Font Info:    Overwriting math alphabet `\mathbf' in version `normal'
(Font)                  OT1/cmr/bx/n --> TU/lmr/bx/n on input line 72.
LaTeX Font Info:    Overwriting math alphabet `\mathsf' in version `normal'
(Font)                  OT1/cmss/m/n --> TU/lmss/m/n on input line 72.
LaTeX Font Info:    Overwriting math alphabet `\mathtt' in version `normal'
(Font)                  OT1/cmtt/m/n --> TU/lmtt/m/n on input line 72.
LaTeX Font Info:    Overwriting symbol font `operators' in version `bold'
(Font)                  TU/lmr/m/n --> TU/lmr/bx/n on input line 72.
LaTeX Font Info:    Overwriting math alphabet `\mathit' in version `bold'
(Font)                  OT1/cmr/bx/it --> TU/lmr/bx/it on input line 72.
LaTeX Font Info:    Overwriting math alphabet `\mathsf' in version `bold'
(Font)                  OT1/cmss/bx/n --> TU/lmss/bx/n on input line 72.
LaTeX Font Info:    Overwriting math alphabet `\mathtt' in version `bold'
(Font)                  OT1/cmtt/m/n --> TU/lmtt/bx/n on input line 72.
LaTeX Font Info:    Try loading font information for U+msa on input line 94.
 (/usr/local/texlive/2018/texmf-dist/tex/latex/amsfonts/umsa.fd
File: umsa.fd 2013/01/14 v3.01 AMS symbols A
)
LaTeX Font Info:    Try loading font information for U+msb on input line 94.
 (/usr/local/texlive/2018/texmf-dist/tex/latex/amsfonts/umsb.fd
File: umsb.fd 2013/01/14 v3.01 AMS symbols B
)
LaTeX Font Info:    Try loading font information for U+lasy on input line 94.
 (/usr/local/texlive/2018/texmf-dist/tex/latex/base/ulasy.fd
File: ulasy.fd 1998/08/17 v2.2e LaTeX symbol font definitions
) (/usr/local/texlive/2018/texmf-dist/tex/generic/oberdiek/se-ascii-print.def
File: se-ascii-print.def 2016/05/16 v1.11 stringenc: Printable ASCII characters
) [1

] [2]

Package fontspec Warning: Font "FandolHei-Regular" does not contain requested
(fontspec)                Script "CJK".


Package fontspec Info: Font family 'FandolHei-Regular(0)' created for font
(fontspec)             'FandolHei-Regular' with options
(fontspec)             [Script={CJK},Extension={.otf},BoldFont={FandolHei-Bold}].
(fontspec)              
(fontspec)              This font family consists of the following NFSS
(fontspec)             series/shapes:
(fontspec)              
(fontspec)             - 'normal' (m/n) with NFSS spec.:
(fontspec)             <->"[FandolHei-Regular.otf]/OT"
(fontspec)             - 'small caps'  (m/sc) with NFSS spec.: 
(fontspec)             - 'bold' (bx/n) with NFSS spec.:
(fontspec)             <->"[FandolHei-Bold.otf]/OT"
(fontspec)             - 'bold small caps'  (bx/sc) with NFSS spec.: 

(/Users/Trent/Desktop/mcmthesis-V6/.texpadtmp/mcmthesis-demo.toc)
\tf@toc=\write5
\openout5 = `mcmthesis-demo.toc'.



Package Fancyhdr Warning: \headheight is too small (12.0pt): 
Make it at least 13.59999pt.
We now make it that large for the rest of the document.
This may cause the page layout to be inconsistent, however.

[1] [2] [3]

LaTeX Warning: Reference `Donut Chart Figure' on page 4 undefined on input line 195.


Underfull \hbox (badness 10000) in paragraph at lines 195--196

 []

File: F1_1.pdf Graphic file (type pdf)
<use F1_1.pdf>
File: F1_2fixed.pdf Graphic file (type pdf)
<use F1_2fixed.pdf>
File: F2.pdf Graphic file (type pdf)
<use F2.pdf>

LaTeX Warning: `!h' float specifier changed to `!ht'.

File: F3fixed.pdf Graphic file (type pdf)
<use F3fixed.pdf>

LaTeX Warning: `!h' float specifier changed to `!ht'.

[4] [5]
Overfull \hbox (17.24054pt too wide) in paragraph at lines 244--254
 [][] 
 []

[6]
File: F4.pdf Graphic file (type pdf)
<use F4.pdf>
File: F5.pdf Graphic file (type pdf)
<use F5.pdf>
File: F6_1f.pdf Graphic file (type pdf)
<use F6_1f.pdf>
File: F62.pdf Graphic file (type pdf)
<use F62.pdf>


LaTeX Warning: `!h' float specifier changed to `!ht'.

[7]
File: F7.png Graphic file (type bmp)
<F7.png>
 [8]
File: F8f.pdf Graphic file (type pdf)
<use F8f.pdf>
File: F9_1.pdf Graphic file (type pdf)
<use F9_1.pdf>
File: F9_2.pdf Graphic file (type pdf)
<use F9_2.pdf>
File: F10_1.pdf Graphic file (type pdf)
<use F10_1.pdf>
File: F10_2.pdf Graphic file (type pdf)
<use F10_2.pdf>


LaTeX Warning: `!h' float specifier changed to `!ht'.

[9]
File: F10_3.pdf Graphic file (type pdf)
<use F10_3.pdf>


LaTeX Warning: `!h' float specifier changed to `!ht'.

[10] [11] [12]
Underfull \hbox (badness 1158) in paragraph at lines 461--462
[]\TU/lmr/m/n/12 GÜRSAKAL, N , YILMAZ, F , ÇOBANOĞLU, H , ÇAĞLIYOR, S . ”Network
 []


Underfull \hbox (badness 1270) in paragraph at lines 461--462
\TU/lmr/m/n/12 Motifs in Football”. Turkish Journal of Sport and Exercise 20 (2018 ): 263-272
 []

[13] 
AED: lastpage setting LastPage
[14]
Package atveryend Info: Empty hook `BeforeClearDocument' on input line 486.
Package atveryend Info: Empty hook `AfterLastShipout' on input line 486.
 (/Users/Trent/Desktop/mcmthesis-V6/.texpadtmp/mcmthesis-demo.aux)
Package atveryend Info: Empty hook `AtVeryEndDocument' on input line 486.
Package atveryend Info: Executing hook `AtEndAfterFileList' on input line 486.
Package rerunfilecheck Info: File `mcmthesis-demo.out' has not changed.
(rerunfilecheck)             Checksum: .


LaTeX Warning: There were undefined references.

 ) 
Here is how much of TeX's memory you used:
 26145 strings out of 492933
 494914 string characters out of 6133145
 827948 words of memory out of 5000000
 29833 multiletter control sequences out of 15000+600000
 549997 words of font info for 106 fonts, out of 8000000 for 9000
 1348 hyphenation exceptions out of 8191
 46i,12n,71p,1083b,477s stack positions out of 5000i,500n,10000p,200000b,80000s

Output written on /Users/Trent/Desktop/mcmthesis-V6/.texpadtmp/mcmthesis-demo.pdf (16 pages).
