mktextfm SimSun/OT
mktextfm SimSun/OT
mktextfm SimSun/OT
mktextfm SimSun/I/OT
mktextfm SimSun/OT
mktextfm SimSun/BI/OT
mktextfm SimSun/OT
mktextfm SimSun/I/OT
mktextfm SimSun/OT
mktextfm SimSun/OT
mktextfm SimSun/OT
mktextfm SimSun/OT
mktextfm SimSun/OT
mktextfm SimSun/OT
mktextfm SimSun/OT
mktextfm SimSun/I/OT
mktextfm SimSun/OT
mktextfm SimSun/BI/OT
mktextfm SimSun/OT
mktextfm SimSun/I/OT
mktextfm SimSun/OT
mktextfm SimSun/OT
mktextfm SimSun/OT
mktextfm SimSun/OT
mktextfm SimSun/OT
mktextfm SimSun/OT
mktextfm SimSun/OT
mktextfm SimSun/I/OT
mktextfm SimSun/OT
mktextfm SimSun/BI/OT
mktextfm SimSun/OT
mktextfm SimSun/I/OT
mktextfm SimSun/OT
mktextfm SimSun/OT
mktextfm SimSun/OT
mktextfm SimSun/OT
mktextfm SimSun/OT
mktextfm SimSun/OT
mktextfm SimSun/OT
mktextfm SimSun/I/OT
mktextfm SimSun/OT
mktextfm SimSun/BI/OT
mktextfm SimSun/OT
mktextfm SimSun/I/OT
mktextfm SimSun/OT
mktextfm SimSun/OT
mktextfm SimSun/OT
mktextfm SimSun/OT
mktextfm SimSun/OT
mktextfm SimSun/OT
mktextfm SimSun/OT
mktextfm SimSun/I/OT
mktextfm SimSun/OT
mktextfm SimSun/BI/OT
mktextfm SimSun/OT
mktextfm SimSun/I/OT
mktextfm SimSun/OT
mktextfm SimSun/OT
mktextfm SimSun/OT
mktextfm SimSun/OT
mktextfm SimSun/OT
mktextfm SimSun/OT
mktextfm SimSun/OT
mktextfm SimSun/I/OT
mktextfm SimSun/OT
mktextfm SimSun/BI/OT
mktextfm SimSun/OT
mktextfm SimSun/I/OT
mktextfm SimSun/OT
mktextfm SimSun/OT
mktextfm SimSun/OT
mktextfm SimSun/OT
mktextfm SimSun/OT
mktextfm SimSun/OT
mktextfm SimSun/OT
mktextfm SimSun/I/OT
mktextfm SimSun/OT
mktextfm SimSun/BI/OT
mktextfm SimSun/OT
mktextfm SimSun/I/OT
mktextfm SimSun/OT
mktextfm SimSun/OT
mktextfm SimSun/OT
mktextfm SimSun/OT
mktextfm SimSun/OT
mktextfm SimSun/OT
mktextfm SimSun/OT
mktextfm SimSun/I/OT
mktextfm SimSun/OT
mktextfm SimSun/BI/OT
mktextfm SimSun/OT
mktextfm SimSun/I/OT
mktextfm SimSun/OT
mktextfm SimSun/OT
mktextfm SimSun/OT
mktextfm SimSun/OT
mktextfm SimSun/OT
mktextfm SimSun/OT
mktextfm SimSun/OT
mktextfm SimSun/I/OT
mktextfm SimSun/OT
mktextfm SimSun/BI/OT
mktextfm SimSun/OT
mktextfm SimSun/I/OT
mktextfm SimSun/OT
mktextfm SimSun/OT
mktextfm SimSun/OT
mktextfm SimSun/OT
mktextfm SimSun/OT
mktextfm SimSun/OT
mktextfm SimSun/OT
mktextfm SimSun/I/OT
mktextfm SimSun/OT
mktextfm SimSun/BI/OT
mktextfm SimSun/OT
mktextfm SimSun/I/OT
mktextfm SimSun/OT
mktextfm SimSun/OT
mktextfm SimSun/OT
mktextfm SimSun/OT
mktextfm Songti/OT
mktextfm Songti/OT
mktextfm Songti/OT
mktextfm Songti/I/OT
mktextfm Songti/OT
mktextfm Songti/BI/OT
mktextfm Songti/OT
mktextfm Songti/I/OT
mktextfm Songti/OT
mktextfm Songti/OT
mktextfm Songti/OT
mktextfm Songti/OT
mktextfm Songti/OT
mktextfm Songti/OT
mktextfm Songti/OT
mktextfm Songti/I/OT
mktextfm Songti/OT
mktextfm Songti/BI/OT
mktextfm Songti/OT
mktextfm Songti/I/OT
mktextfm Songti/OT
mktextfm Songti/OT
mktextfm Songti/OT
mktextfm Songti/OT
mktextfm Songti/OT
mktextfm Songti/OT
mktextfm Songti/OT
mktextfm Songti/I/OT
mktextfm Songti/OT
mktextfm Songti/BI/OT
mktextfm Songti/OT
mktextfm Songti/I/OT
mktextfm Songti/OT
mktextfm Songti/OT
mktextfm Songti/OT
mktextfm Songti/OT
mktextfm Songti/OT
mktextfm Songti/OT
mktextfm Songti/OT
mktextfm Songti/I/OT
mktextfm Songti/OT
mktextfm Songti/BI/OT
mktextfm Songti/OT
mktextfm Songti/I/OT
mktextfm Songti/OT
mktextfm Songti/OT
mktextfm Songti/OT
mktextfm Songti/OT
mktextfm Songti/OT
mktextfm Songti/OT
mktextfm Songti/OT
mktextfm Songti/I/OT
mktextfm Songti/OT
mktextfm Songti/BI/OT
mktextfm Songti/OT
mktextfm Songti/I/OT
mktextfm Songti/OT
mktextfm Songti/OT
mktextfm Songti/OT
mktextfm Songti/OT
mktextfm Songti/OT
mktextfm Songti/OT
mktextfm Songti/OT
mktextfm Songti/I/OT
mktextfm Songti/OT
mktextfm Songti/BI/OT
mktextfm Songti/OT
mktextfm Songti/I/OT
mktextfm Songti/OT
mktextfm Songti/OT
mktextfm Songti/OT
mktextfm Songti/OT
mktextfm SimSun/OT
mktextfm SimSun/OT
mktextfm SimSun/OT
mktextfm SimSun/I/OT
mktextfm SimSun/OT
mktextfm SimSun/BI/OT
mktextfm SimSun/OT
mktextfm SimSun/I/OT
mktextfm SimSun/OT
mktextfm SimSun/OT
mktextfm SimSun/OT
mktextfm SimSun/OT
mktextfm SimSun/OT
mktextfm SimSun/OT
mktextfm SimSun/OT
mktextfm SimSun/I/OT
mktextfm SimSun/OT
mktextfm SimSun/BI/OT
mktextfm SimSun/OT
mktextfm SimSun/I/OT
mktextfm SimSun/OT
mktextfm SimSun/OT
mktextfm SimSun/OT
mktextfm SimSun/OT
